<?xml version="1.0" encoding="UTF-8"?>
<!-- Generated by org.testng.reporters.JUnitXMLReporter -->
<testsuite ignored="5" hostname="DESKTOP-25A5VGP" failures="0" tests="1" name="Default test" time="12.547" errors="0" timestamp="2022-09-16T22:11:47 CEST">
  <testcase classname="mega.nz.FirstTest" name="assertFunction" time="12.496"/>
  <testcase classname="mega.nz.FirstTest" name="login" time="0.0">
    <ignored/>
  </testcase> <!-- login -->
  <testcase classname="mega.nz.FirstTest" name="placeholder" time="0.0">
    <ignored/>
  </testcase> <!-- placeholder -->
  <testcase classname="mega.nz.FirstTest" name="click" time="0.0">
    <ignored/>
  </testcase> <!-- click -->
  <testcase classname="mega.nz.FirstTest" name="upload" time="0.0">
    <ignored/>
  </testcase> <!-- upload -->
  <testcase classname="mega.nz.FirstTest" name="download" time="0.0">
    <ignored/>
  </testcase> <!-- download -->
</testsuite> <!-- Default test -->
