<?xml version="1.0" encoding="UTF-8"?>
<testng-results ignored="5" total="6" passed="1" failed="0" skipped="0">
  <reporter-output>
  </reporter-output>
  <suite started-at="2022-09-16T22:11:34 CEST" name="Default suite" finished-at="2022-09-16T22:11:47 CEST" duration-ms="12547">
    <groups>
    </groups>
    <test started-at="2022-09-16T22:11:34 CEST" name="Default test" finished-at="2022-09-16T22:11:47 CEST" duration-ms="12547">
      <class name="mega.nz.FirstTest">
        <test-method signature="assertFunction()[pri:0, instance:mega.nz.FirstTest@7205765b]" started-at="2022-09-16T22:11:34 CEST" name="assertFunction" finished-at="2022-09-16T22:11:47 CEST" duration-ms="12496" status="PASS">
          <reporter-output>
          </reporter-output>
        </test-method> <!-- assertFunction -->
      </class> <!-- mega.nz.FirstTest -->
    </test> <!-- Default test -->
  </suite> <!-- Default suite -->
</testng-results>
